1534318734059	geckodriver	INFO	geckodriver 0.21.0
1534318734063	geckodriver	INFO	Listening on 127.0.0.1:56483
1534318735965	mozrunner::runner	INFO	Running command: "/usr/bin/firefox" "-marionette" "-foreground" "-no-remote" "-profile" "/tmp/rust_mozprofile.D41BPPJF777r"

(firefox-esr:3087): Gtk-WARNING **: Theme parsing error: gtk-widgets.css:186:14: not a number

(firefox-esr:3087): Gtk-WARNING **: Theme parsing error: gtk-widgets.css:186:14: Expected a string.

(firefox-esr:3087): Gtk-WARNING **: Theme parsing error: gtk-widgets.css:2749:24: not a number

(firefox-esr:3087): Gtk-WARNING **: Theme parsing error: gtk-widgets.css:2749:24: Expected a string.

(firefox-esr:3087): Gtk-WARNING **: Theme parsing error: gtk-widgets.css:2940:14: not a number

(firefox-esr:3087): Gtk-WARNING **: Theme parsing error: gtk-widgets.css:2940:14: Expected a string.

(firefox-esr:3087): Gtk-WARNING **: Theme parsing error: gtk-widgets.css:2946:17: Expected a string.

(firefox-esr:3087): Gtk-WARNING **: Theme parsing error: gtk-widgets.css:4083:14: not a number

(firefox-esr:3087): Gtk-WARNING **: Theme parsing error: gtk-widgets.css:4083:14: Expected a string.

(firefox-esr:3087): Gtk-WARNING **: Theme parsing error: gtk-widgets.css:4088:17: Expected a string.

(firefox-esr:3087): Gtk-WARNING **: Theme parsing error: gtk-widgets.css:4729:14: not a number

(firefox-esr:3087): Gtk-WARNING **: Theme parsing error: gtk-widgets.css:4729:14: Expected a string.

(firefox-esr:3087): Gtk-WARNING **: Theme parsing error: xfce.css:47:16: not a number

(firefox-esr:3087): Gtk-WARNING **: Theme parsing error: xfce.css:47:16: Expected a string.

(firefox-esr:3087): Gtk-WARNING **: Theme parsing error: lightdm-gtk-greeter.css:16:14: not a number

(firefox-esr:3087): Gtk-WARNING **: Theme parsing error: lightdm-gtk-greeter.css:16:14: Expected a string.

(firefox-esr:3087): Gtk-WARNING **: Theme parsing error: lightdm-gtk-greeter.css:26:14: not a number

(firefox-esr:3087): Gtk-WARNING **: Theme parsing error: lightdm-gtk-greeter.css:26:14: Expected a string.

(firefox-esr:3087): Gtk-WARNING **: Theme parsing error: lightdm-gtk-greeter.css:40:16: not a number

(firefox-esr:3087): Gtk-WARNING **: Theme parsing error: lightdm-gtk-greeter.css:40:16: Expected a string.

(firefox-esr:3087): Gtk-WARNING **: Theme parsing error: lightdm-gtk-greeter.css:96:14: Expected a string.

(firefox-esr:3087): Gtk-WARNING **: Theme parsing error: lightdm-gtk-greeter.css:100:16: not a number

(firefox-esr:3087): Gtk-WARNING **: Theme parsing error: lightdm-gtk-greeter.css:100:16: Expected a string.

(firefox-esr:3087): Gtk-WARNING **: Theme parsing error: lightdm-gtk-greeter.css:279:14: not a number

(firefox-esr:3087): Gtk-WARNING **: Theme parsing error: lightdm-gtk-greeter.css:279:14: Expected a string.
1534318740390	Marionette	INFO	Listening on port 2828

(/usr/lib/firefox-esr/plugin-container:3158): Gtk-WARNING **: Theme parsing error: gtk-widgets.css:186:14: not a number

(/usr/lib/firefox-esr/plugin-container:3158): Gtk-WARNING **: Theme parsing error: gtk-widgets.css:186:14: Expected a string.

(/usr/lib/firefox-esr/plugin-container:3158): Gtk-WARNING **: Theme parsing error: gtk-widgets.css:2749:24: not a number

(/usr/lib/firefox-esr/plugin-container:3158): Gtk-WARNING **: Theme parsing error: gtk-widgets.css:2749:24: Expected a string.

(/usr/lib/firefox-esr/plugin-container:3158): Gtk-WARNING **: Theme parsing error: gtk-widgets.css:2940:14: not a number

(/usr/lib/firefox-esr/plugin-container:3158): Gtk-WARNING **: Theme parsing error: gtk-widgets.css:2940:14: Expected a string.

(/usr/lib/firefox-esr/plugin-container:3158): Gtk-WARNING **: Theme parsing error: gtk-widgets.css:2946:17: Expected a string.

(/usr/lib/firefox-esr/plugin-container:3158): Gtk-WARNING **: Theme parsing error: gtk-widgets.css:4083:14: not a number

(/usr/lib/firefox-esr/plugin-container:3158): Gtk-WARNING **: Theme parsing error: gtk-widgets.css:4083:14: Expected a string.

(/usr/lib/firefox-esr/plugin-container:3158): Gtk-WARNING **: Theme parsing error: gtk-widgets.css:4088:17: Expected a string.

(/usr/lib/firefox-esr/plugin-container:3158): Gtk-WARNING **: Theme parsing error: gtk-widgets.css:4729:14: not a number

(/usr/lib/firefox-esr/plugin-container:3158): Gtk-WARNING **: Theme parsing error: gtk-widgets.css:4729:14: Expected a string.

(/usr/lib/firefox-esr/plugin-container:3158): Gtk-WARNING **: Theme parsing error: xfce.css:47:16: not a number

(/usr/lib/firefox-esr/plugin-container:3158): Gtk-WARNING **: Theme parsing error: xfce.css:47:16: Expected a string.

(/usr/lib/firefox-esr/plugin-container:3158): Gtk-WARNING **: Theme parsing error: lightdm-gtk-greeter.css:16:14: not a number

(/usr/lib/firefox-esr/plugin-container:3158): Gtk-WARNING **: Theme parsing error: lightdm-gtk-greeter.css:16:14: Expected a string.

(/usr/lib/firefox-esr/plugin-container:3158): Gtk-WARNING **: Theme parsing error: lightdm-gtk-greeter.css:26:14: not a number

(/usr/lib/firefox-esr/plugin-container:3158): Gtk-WARNING **: Theme parsing error: lightdm-gtk-greeter.css:26:14: Expected a string.

(/usr/lib/firefox-esr/plugin-container:3158): Gtk-WARNING **: Theme parsing error: lightdm-gtk-greeter.css:40:16: not a number

(/usr/lib/firefox-esr/plugin-container:3158): Gtk-WARNING **: Theme parsing error: lightdm-gtk-greeter.css:40:16: Expected a string.

(/usr/lib/firefox-esr/plugin-container:3158): Gtk-WARNING **: Theme parsing error: lightdm-gtk-greeter.css:96:14: Expected a string.

(/usr/lib/firefox-esr/plugin-container:3158): Gtk-WARNING **: Theme parsing error: lightdm-gtk-greeter.css:100:16: not a number

(/usr/lib/firefox-esr/plugin-container:3158): Gtk-WARNING **: Theme parsing error: lightdm-gtk-greeter.css:100:16: Expected a string.

(/usr/lib/firefox-esr/plugin-container:3158): Gtk-WARNING **: Theme parsing error: lightdm-gtk-greeter.css:279:14: not a number

(/usr/lib/firefox-esr/plugin-container:3158): Gtk-WARNING **: Theme parsing error: lightdm-gtk-greeter.css:279:14: Expected a string.
1534318763143	geckodriver	INFO	geckodriver 0.21.0
1534318763147	geckodriver	INFO	Listening on 127.0.0.1:51939
1534318764166	mozrunner::runner	INFO	Running command: "/usr/bin/firefox" "-marionette" "-foreground" "-no-remote" "-profile" "/tmp/rust_mozprofile.OhvFja0TDrlI"

(firefox-esr:3227): Gtk-WARNING **: Theme parsing error: gtk-widgets.css:186:14: not a number

(firefox-esr:3227): Gtk-WARNING **: Theme parsing error: gtk-widgets.css:186:14: Expected a string.

(firefox-esr:3227): Gtk-WARNING **: Theme parsing error: gtk-widgets.css:2749:24: not a number

(firefox-esr:3227): Gtk-WARNING **: Theme parsing error: gtk-widgets.css:2749:24: Expected a string.

(firefox-esr:3227): Gtk-WARNING **: Theme parsing error: gtk-widgets.css:2940:14: not a number

(firefox-esr:3227): Gtk-WARNING **: Theme parsing error: gtk-widgets.css:2940:14: Expected a string.

(firefox-esr:3227): Gtk-WARNING **: Theme parsing error: gtk-widgets.css:2946:17: Expected a string.

(firefox-esr:3227): Gtk-WARNING **: Theme parsing error: gtk-widgets.css:4083:14: not a number

(firefox-esr:3227): Gtk-WARNING **: Theme parsing error: gtk-widgets.css:4083:14: Expected a string.

(firefox-esr:3227): Gtk-WARNING **: Theme parsing error: gtk-widgets.css:4088:17: Expected a string.

(firefox-esr:3227): Gtk-WARNING **: Theme parsing error: gtk-widgets.css:4729:14: not a number

(firefox-esr:3227): Gtk-WARNING **: Theme parsing error: gtk-widgets.css:4729:14: Expected a string.

(firefox-esr:3227): Gtk-WARNING **: Theme parsing error: xfce.css:47:16: not a number

(firefox-esr:3227): Gtk-WARNING **: Theme parsing error: xfce.css:47:16: Expected a string.

(firefox-esr:3227): Gtk-WARNING **: Theme parsing error: lightdm-gtk-greeter.css:16:14: not a number

(firefox-esr:3227): Gtk-WARNING **: Theme parsing error: lightdm-gtk-greeter.css:16:14: Expected a string.

(firefox-esr:3227): Gtk-WARNING **: Theme parsing error: lightdm-gtk-greeter.css:26:14: not a number

(firefox-esr:3227): Gtk-WARNING **: Theme parsing error: lightdm-gtk-greeter.css:26:14: Expected a string.

(firefox-esr:3227): Gtk-WARNING **: Theme parsing error: lightdm-gtk-greeter.css:40:16: not a number

(firefox-esr:3227): Gtk-WARNING **: Theme parsing error: lightdm-gtk-greeter.css:40:16: Expected a string.

(firefox-esr:3227): Gtk-WARNING **: Theme parsing error: lightdm-gtk-greeter.css:96:14: Expected a string.

(firefox-esr:3227): Gtk-WARNING **: Theme parsing error: lightdm-gtk-greeter.css:100:16: not a number

(firefox-esr:3227): Gtk-WARNING **: Theme parsing error: lightdm-gtk-greeter.css:100:16: Expected a string.

(firefox-esr:3227): Gtk-WARNING **: Theme parsing error: lightdm-gtk-greeter.css:279:14: not a number

(firefox-esr:3227): Gtk-WARNING **: Theme parsing error: lightdm-gtk-greeter.css:279:14: Expected a string.
1534318766244	Marionette	INFO	Listening on port 2828

(/usr/lib/firefox-esr/plugin-container:3288): Gtk-WARNING **: Theme parsing error: gtk-widgets.css:186:14: not a number

(/usr/lib/firefox-esr/plugin-container:3288): Gtk-WARNING **: Theme parsing error: gtk-widgets.css:186:14: Expected a string.

(/usr/lib/firefox-esr/plugin-container:3288): Gtk-WARNING **: Theme parsing error: gtk-widgets.css:2749:24: not a number

(/usr/lib/firefox-esr/plugin-container:3288): Gtk-WARNING **: Theme parsing error: gtk-widgets.css:2749:24: Expected a string.

(/usr/lib/firefox-esr/plugin-container:3288): Gtk-WARNING **: Theme parsing error: gtk-widgets.css:2940:14: not a number

(/usr/lib/firefox-esr/plugin-container:3288): Gtk-WARNING **: Theme parsing error: gtk-widgets.css:2940:14: Expected a string.

(/usr/lib/firefox-esr/plugin-container:3288): Gtk-WARNING **: Theme parsing error: gtk-widgets.css:2946:17: Expected a string.

(/usr/lib/firefox-esr/plugin-container:3288): Gtk-WARNING **: Theme parsing error: gtk-widgets.css:4083:14: not a number

(/usr/lib/firefox-esr/plugin-container:3288): Gtk-WARNING **: Theme parsing error: gtk-widgets.css:4083:14: Expected a string.

(/usr/lib/firefox-esr/plugin-container:3288): Gtk-WARNING **: Theme parsing error: gtk-widgets.css:4088:17: Expected a string.

(/usr/lib/firefox-esr/plugin-container:3288): Gtk-WARNING **: Theme parsing error: gtk-widgets.css:4729:14: not a number

(/usr/lib/firefox-esr/plugin-container:3288): Gtk-WARNING **: Theme parsing error: gtk-widgets.css:4729:14: Expected a string.

(/usr/lib/firefox-esr/plugin-container:3288): Gtk-WARNING **: Theme parsing error: xfce.css:47:16: not a number

(/usr/lib/firefox-esr/plugin-container:3288): Gtk-WARNING **: Theme parsing error: xfce.css:47:16: Expected a string.

(/usr/lib/firefox-esr/plugin-container:3288): Gtk-WARNING **: Theme parsing error: lightdm-gtk-greeter.css:16:14: not a number

(/usr/lib/firefox-esr/plugin-container:3288): Gtk-WARNING **: Theme parsing error: lightdm-gtk-greeter.css:16:14: Expected a string.

(/usr/lib/firefox-esr/plugin-container:3288): Gtk-WARNING **: Theme parsing error: lightdm-gtk-greeter.css:26:14: not a number

(/usr/lib/firefox-esr/plugin-container:3288): Gtk-WARNING **: Theme parsing error: lightdm-gtk-greeter.css:26:14: Expected a string.

(/usr/lib/firefox-esr/plugin-container:3288): Gtk-WARNING **: Theme parsing error: lightdm-gtk-greeter.css:40:16: not a number

(/usr/lib/firefox-esr/plugin-container:3288): Gtk-WARNING **: Theme parsing error: lightdm-gtk-greeter.css:40:16: Expected a string.

(/usr/lib/firefox-esr/plugin-container:3288): Gtk-WARNING **: Theme parsing error: lightdm-gtk-greeter.css:96:14: Expected a string.

(/usr/lib/firefox-esr/plugin-container:3288): Gtk-WARNING **: Theme parsing error: lightdm-gtk-greeter.css:100:16: not a number

(/usr/lib/firefox-esr/plugin-container:3288): Gtk-WARNING **: Theme parsing error: lightdm-gtk-greeter.css:100:16: Expected a string.

(/usr/lib/firefox-esr/plugin-container:3288): Gtk-WARNING **: Theme parsing error: lightdm-gtk-greeter.css:279:14: not a number

(/usr/lib/firefox-esr/plugin-container:3288): Gtk-WARNING **: Theme parsing error: lightdm-gtk-greeter.css:279:14: Expected a string.
1534318820508	geckodriver	INFO	geckodriver 0.21.0
1534318820511	geckodriver	INFO	Listening on 127.0.0.1:46475
1534318821531	mozrunner::runner	INFO	Running command: "/usr/bin/firefox" "-marionette" "-foreground" "-no-remote" "-profile" "/tmp/rust_mozprofile.KgQcQnxYZpkv"

(firefox-esr:3597): Gtk-WARNING **: Theme parsing error: gtk-widgets.css:186:14: not a number

(firefox-esr:3597): Gtk-WARNING **: Theme parsing error: gtk-widgets.css:186:14: Expected a string.

(firefox-esr:3597): Gtk-WARNING **: Theme parsing error: gtk-widgets.css:2749:24: not a number

(firefox-esr:3597): Gtk-WARNING **: Theme parsing error: gtk-widgets.css:2749:24: Expected a string.

(firefox-esr:3597): Gtk-WARNING **: Theme parsing error: gtk-widgets.css:2940:14: not a number

(firefox-esr:3597): Gtk-WARNING **: Theme parsing error: gtk-widgets.css:2940:14: Expected a string.

(firefox-esr:3597): Gtk-WARNING **: Theme parsing error: gtk-widgets.css:2946:17: Expected a string.

(firefox-esr:3597): Gtk-WARNING **: Theme parsing error: gtk-widgets.css:4083:14: not a number

(firefox-esr:3597): Gtk-WARNING **: Theme parsing error: gtk-widgets.css:4083:14: Expected a string.

(firefox-esr:3597): Gtk-WARNING **: Theme parsing error: gtk-widgets.css:4088:17: Expected a string.

(firefox-esr:3597): Gtk-WARNING **: Theme parsing error: gtk-widgets.css:4729:14: not a number

(firefox-esr:3597): Gtk-WARNING **: Theme parsing error: gtk-widgets.css:4729:14: Expected a string.

(firefox-esr:3597): Gtk-WARNING **: Theme parsing error: xfce.css:47:16: not a number

(firefox-esr:3597): Gtk-WARNING **: Theme parsing error: xfce.css:47:16: Expected a string.

(firefox-esr:3597): Gtk-WARNING **: Theme parsing error: lightdm-gtk-greeter.css:16:14: not a number

(firefox-esr:3597): Gtk-WARNING **: Theme parsing error: lightdm-gtk-greeter.css:16:14: Expected a string.

(firefox-esr:3597): Gtk-WARNING **: Theme parsing error: lightdm-gtk-greeter.css:26:14: not a number

(firefox-esr:3597): Gtk-WARNING **: Theme parsing error: lightdm-gtk-greeter.css:26:14: Expected a string.

(firefox-esr:3597): Gtk-WARNING **: Theme parsing error: lightdm-gtk-greeter.css:40:16: not a number

(firefox-esr:3597): Gtk-WARNING **: Theme parsing error: lightdm-gtk-greeter.css:40:16: Expected a string.

(firefox-esr:3597): Gtk-WARNING **: Theme parsing error: lightdm-gtk-greeter.css:96:14: Expected a string.

(firefox-esr:3597): Gtk-WARNING **: Theme parsing error: lightdm-gtk-greeter.css:100:16: not a number

(firefox-esr:3597): Gtk-WARNING **: Theme parsing error: lightdm-gtk-greeter.css:100:16: Expected a string.

(firefox-esr:3597): Gtk-WARNING **: Theme parsing error: lightdm-gtk-greeter.css:279:14: not a number

(firefox-esr:3597): Gtk-WARNING **: Theme parsing error: lightdm-gtk-greeter.css:279:14: Expected a string.
1534318823436	Marionette	INFO	Listening on port 2828

(/usr/lib/firefox-esr/plugin-container:3664): Gtk-WARNING **: Theme parsing error: gtk-widgets.css:186:14: not a number

(/usr/lib/firefox-esr/plugin-container:3664): Gtk-WARNING **: Theme parsing error: gtk-widgets.css:186:14: Expected a string.

(/usr/lib/firefox-esr/plugin-container:3664): Gtk-WARNING **: Theme parsing error: gtk-widgets.css:2749:24: not a number

(/usr/lib/firefox-esr/plugin-container:3664): Gtk-WARNING **: Theme parsing error: gtk-widgets.css:2749:24: Expected a string.

(/usr/lib/firefox-esr/plugin-container:3664): Gtk-WARNING **: Theme parsing error: gtk-widgets.css:2940:14: not a number

(/usr/lib/firefox-esr/plugin-container:3664): Gtk-WARNING **: Theme parsing error: gtk-widgets.css:2940:14: Expected a string.

(/usr/lib/firefox-esr/plugin-container:3664): Gtk-WARNING **: Theme parsing error: gtk-widgets.css:2946:17: Expected a string.

(/usr/lib/firefox-esr/plugin-container:3664): Gtk-WARNING **: Theme parsing error: gtk-widgets.css:4083:14: not a number

(/usr/lib/firefox-esr/plugin-container:3664): Gtk-WARNING **: Theme parsing error: gtk-widgets.css:4083:14: Expected a string.

(/usr/lib/firefox-esr/plugin-container:3664): Gtk-WARNING **: Theme parsing error: gtk-widgets.css:4088:17: Expected a string.

(/usr/lib/firefox-esr/plugin-container:3664): Gtk-WARNING **: Theme parsing error: gtk-widgets.css:4729:14: not a number

(/usr/lib/firefox-esr/plugin-container:3664): Gtk-WARNING **: Theme parsing error: gtk-widgets.css:4729:14: Expected a string.

(/usr/lib/firefox-esr/plugin-container:3664): Gtk-WARNING **: Theme parsing error: xfce.css:47:16: not a number

(/usr/lib/firefox-esr/plugin-container:3664): Gtk-WARNING **: Theme parsing error: xfce.css:47:16: Expected a string.

(/usr/lib/firefox-esr/plugin-container:3664): Gtk-WARNING **: Theme parsing error: lightdm-gtk-greeter.css:16:14: not a number

(/usr/lib/firefox-esr/plugin-container:3664): Gtk-WARNING **: Theme parsing error: lightdm-gtk-greeter.css:16:14: Expected a string.

(/usr/lib/firefox-esr/plugin-container:3664): Gtk-WARNING **: Theme parsing error: lightdm-gtk-greeter.css:26:14: not a number

(/usr/lib/firefox-esr/plugin-container:3664): Gtk-WARNING **: Theme parsing error: lightdm-gtk-greeter.css:26:14: Expected a string.

(/usr/lib/firefox-esr/plugin-container:3664): Gtk-WARNING **: Theme parsing error: lightdm-gtk-greeter.css:40:16: not a number

(/usr/lib/firefox-esr/plugin-container:3664): Gtk-WARNING **: Theme parsing error: lightdm-gtk-greeter.css:40:16: Expected a string.

(/usr/lib/firefox-esr/plugin-container:3664): Gtk-WARNING **: Theme parsing error: lightdm-gtk-greeter.css:96:14: Expected a string.

(/usr/lib/firefox-esr/plugin-container:3664): Gtk-WARNING **: Theme parsing error: lightdm-gtk-greeter.css:100:16: not a number

(/usr/lib/firefox-esr/plugin-container:3664): Gtk-WARNING **: Theme parsing error: lightdm-gtk-greeter.css:100:16: Expected a string.

(/usr/lib/firefox-esr/plugin-container:3664): Gtk-WARNING **: Theme parsing error: lightdm-gtk-greeter.css:279:14: not a number

(/usr/lib/firefox-esr/plugin-container:3664): Gtk-WARNING **: Theme parsing error: lightdm-gtk-greeter.css:279:14: Expected a string.
1534318904423	geckodriver	INFO	geckodriver 0.21.0
1534318904427	geckodriver	INFO	Listening on 127.0.0.1:59855
1534318905448	mozrunner::runner	INFO	Running command: "/usr/bin/firefox" "-marionette" "-foreground" "-no-remote" "-profile" "/tmp/rust_mozprofile.qHBalCKIpLzQ"

(firefox-esr:4144): Gtk-WARNING **: Theme parsing error: gtk-widgets.css:186:14: not a number

(firefox-esr:4144): Gtk-WARNING **: Theme parsing error: gtk-widgets.css:186:14: Expected a string.

(firefox-esr:4144): Gtk-WARNING **: Theme parsing error: gtk-widgets.css:2749:24: not a number

(firefox-esr:4144): Gtk-WARNING **: Theme parsing error: gtk-widgets.css:2749:24: Expected a string.

(firefox-esr:4144): Gtk-WARNING **: Theme parsing error: gtk-widgets.css:2940:14: not a number

(firefox-esr:4144): Gtk-WARNING **: Theme parsing error: gtk-widgets.css:2940:14: Expected a string.

(firefox-esr:4144): Gtk-WARNING **: Theme parsing error: gtk-widgets.css:2946:17: Expected a string.

(firefox-esr:4144): Gtk-WARNING **: Theme parsing error: gtk-widgets.css:4083:14: not a number

(firefox-esr:4144): Gtk-WARNING **: Theme parsing error: gtk-widgets.css:4083:14: Expected a string.

(firefox-esr:4144): Gtk-WARNING **: Theme parsing error: gtk-widgets.css:4088:17: Expected a string.

(firefox-esr:4144): Gtk-WARNING **: Theme parsing error: gtk-widgets.css:4729:14: not a number

(firefox-esr:4144): Gtk-WARNING **: Theme parsing error: gtk-widgets.css:4729:14: Expected a string.

(firefox-esr:4144): Gtk-WARNING **: Theme parsing error: xfce.css:47:16: not a number

(firefox-esr:4144): Gtk-WARNING **: Theme parsing error: xfce.css:47:16: Expected a string.

(firefox-esr:4144): Gtk-WARNING **: Theme parsing error: lightdm-gtk-greeter.css:16:14: not a number

(firefox-esr:4144): Gtk-WARNING **: Theme parsing error: lightdm-gtk-greeter.css:16:14: Expected a string.

(firefox-esr:4144): Gtk-WARNING **: Theme parsing error: lightdm-gtk-greeter.css:26:14: not a number

(firefox-esr:4144): Gtk-WARNING **: Theme parsing error: lightdm-gtk-greeter.css:26:14: Expected a string.

(firefox-esr:4144): Gtk-WARNING **: Theme parsing error: lightdm-gtk-greeter.css:40:16: not a number

(firefox-esr:4144): Gtk-WARNING **: Theme parsing error: lightdm-gtk-greeter.css:40:16: Expected a string.

(firefox-esr:4144): Gtk-WARNING **: Theme parsing error: lightdm-gtk-greeter.css:96:14: Expected a string.

(firefox-esr:4144): Gtk-WARNING **: Theme parsing error: lightdm-gtk-greeter.css:100:16: not a number

(firefox-esr:4144): Gtk-WARNING **: Theme parsing error: lightdm-gtk-greeter.css:100:16: Expected a string.

(firefox-esr:4144): Gtk-WARNING **: Theme parsing error: lightdm-gtk-greeter.css:279:14: not a number

(firefox-esr:4144): Gtk-WARNING **: Theme parsing error: lightdm-gtk-greeter.css:279:14: Expected a string.
1534318907518	Marionette	INFO	Listening on port 2828

(/usr/lib/firefox-esr/plugin-container:4208): Gtk-WARNING **: Theme parsing error: gtk-widgets.css:186:14: not a number

(/usr/lib/firefox-esr/plugin-container:4208): Gtk-WARNING **: Theme parsing error: gtk-widgets.css:186:14: Expected a string.

(/usr/lib/firefox-esr/plugin-container:4208): Gtk-WARNING **: Theme parsing error: gtk-widgets.css:2749:24: not a number

(/usr/lib/firefox-esr/plugin-container:4208): Gtk-WARNING **: Theme parsing error: gtk-widgets.css:2749:24: Expected a string.

(/usr/lib/firefox-esr/plugin-container:4208): Gtk-WARNING **: Theme parsing error: gtk-widgets.css:2940:14: not a number

(/usr/lib/firefox-esr/plugin-container:4208): Gtk-WARNING **: Theme parsing error: gtk-widgets.css:2940:14: Expected a string.

(/usr/lib/firefox-esr/plugin-container:4208): Gtk-WARNING **: Theme parsing error: gtk-widgets.css:2946:17: Expected a string.

(/usr/lib/firefox-esr/plugin-container:4208): Gtk-WARNING **: Theme parsing error: gtk-widgets.css:4083:14: not a number

(/usr/lib/firefox-esr/plugin-container:4208): Gtk-WARNING **: Theme parsing error: gtk-widgets.css:4083:14: Expected a string.

(/usr/lib/firefox-esr/plugin-container:4208): Gtk-WARNING **: Theme parsing error: gtk-widgets.css:4088:17: Expected a string.

(/usr/lib/firefox-esr/plugin-container:4208): Gtk-WARNING **: Theme parsing error: gtk-widgets.css:4729:14: not a number

(/usr/lib/firefox-esr/plugin-container:4208): Gtk-WARNING **: Theme parsing error: gtk-widgets.css:4729:14: Expected a string.

(/usr/lib/firefox-esr/plugin-container:4208): Gtk-WARNING **: Theme parsing error: xfce.css:47:16: not a number

(/usr/lib/firefox-esr/plugin-container:4208): Gtk-WARNING **: Theme parsing error: xfce.css:47:16: Expected a string.

(/usr/lib/firefox-esr/plugin-container:4208): Gtk-WARNING **: Theme parsing error: lightdm-gtk-greeter.css:16:14: not a number

(/usr/lib/firefox-esr/plugin-container:4208): Gtk-WARNING **: Theme parsing error: lightdm-gtk-greeter.css:16:14: Expected a string.

(/usr/lib/firefox-esr/plugin-container:4208): Gtk-WARNING **: Theme parsing error: lightdm-gtk-greeter.css:26:14: not a number

(/usr/lib/firefox-esr/plugin-container:4208): Gtk-WARNING **: Theme parsing error: lightdm-gtk-greeter.css:26:14: Expected a string.

(/usr/lib/firefox-esr/plugin-container:4208): Gtk-WARNING **: Theme parsing error: lightdm-gtk-greeter.css:40:16: not a number

(/usr/lib/firefox-esr/plugin-container:4208): Gtk-WARNING **: Theme parsing error: lightdm-gtk-greeter.css:40:16: Expected a string.

(/usr/lib/firefox-esr/plugin-container:4208): Gtk-WARNING **: Theme parsing error: lightdm-gtk-greeter.css:96:14: Expected a string.

(/usr/lib/firefox-esr/plugin-container:4208): Gtk-WARNING **: Theme parsing error: lightdm-gtk-greeter.css:100:16: not a number

(/usr/lib/firefox-esr/plugin-container:4208): Gtk-WARNING **: Theme parsing error: lightdm-gtk-greeter.css:100:16: Expected a string.

(/usr/lib/firefox-esr/plugin-container:4208): Gtk-WARNING **: Theme parsing error: lightdm-gtk-greeter.css:279:14: not a number

(/usr/lib/firefox-esr/plugin-container:4208): Gtk-WARNING **: Theme parsing error: lightdm-gtk-greeter.css:279:14: Expected a string.
1534318946687	geckodriver	INFO	geckodriver 0.21.0
1534318946691	geckodriver	INFO	Listening on 127.0.0.1:42495
1534318947710	mozrunner::runner	INFO	Running command: "/usr/bin/firefox" "-marionette" "-foreground" "-no-remote" "-profile" "/tmp/rust_mozprofile.G6Mizs3cMAC8"

(firefox-esr:4333): Gtk-WARNING **: Theme parsing error: gtk-widgets.css:186:14: not a number

(firefox-esr:4333): Gtk-WARNING **: Theme parsing error: gtk-widgets.css:186:14: Expected a string.

(firefox-esr:4333): Gtk-WARNING **: Theme parsing error: gtk-widgets.css:2749:24: not a number

(firefox-esr:4333): Gtk-WARNING **: Theme parsing error: gtk-widgets.css:2749:24: Expected a string.

(firefox-esr:4333): Gtk-WARNING **: Theme parsing error: gtk-widgets.css:2940:14: not a number

(firefox-esr:4333): Gtk-WARNING **: Theme parsing error: gtk-widgets.css:2940:14: Expected a string.

(firefox-esr:4333): Gtk-WARNING **: Theme parsing error: gtk-widgets.css:2946:17: Expected a string.

(firefox-esr:4333): Gtk-WARNING **: Theme parsing error: gtk-widgets.css:4083:14: not a number

(firefox-esr:4333): Gtk-WARNING **: Theme parsing error: gtk-widgets.css:4083:14: Expected a string.

(firefox-esr:4333): Gtk-WARNING **: Theme parsing error: gtk-widgets.css:4088:17: Expected a string.

(firefox-esr:4333): Gtk-WARNING **: Theme parsing error: gtk-widgets.css:4729:14: not a number

(firefox-esr:4333): Gtk-WARNING **: Theme parsing error: gtk-widgets.css:4729:14: Expected a string.

(firefox-esr:4333): Gtk-WARNING **: Theme parsing error: xfce.css:47:16: not a number

(firefox-esr:4333): Gtk-WARNING **: Theme parsing error: xfce.css:47:16: Expected a string.

(firefox-esr:4333): Gtk-WARNING **: Theme parsing error: lightdm-gtk-greeter.css:16:14: not a number

(firefox-esr:4333): Gtk-WARNING **: Theme parsing error: lightdm-gtk-greeter.css:16:14: Expected a string.

(firefox-esr:4333): Gtk-WARNING **: Theme parsing error: lightdm-gtk-greeter.css:26:14: not a number

(firefox-esr:4333): Gtk-WARNING **: Theme parsing error: lightdm-gtk-greeter.css:26:14: Expected a string.

(firefox-esr:4333): Gtk-WARNING **: Theme parsing error: lightdm-gtk-greeter.css:40:16: not a number

(firefox-esr:4333): Gtk-WARNING **: Theme parsing error: lightdm-gtk-greeter.css:40:16: Expected a string.

(firefox-esr:4333): Gtk-WARNING **: Theme parsing error: lightdm-gtk-greeter.css:96:14: Expected a string.

(firefox-esr:4333): Gtk-WARNING **: Theme parsing error: lightdm-gtk-greeter.css:100:16: not a number

(firefox-esr:4333): Gtk-WARNING **: Theme parsing error: lightdm-gtk-greeter.css:100:16: Expected a string.

(firefox-esr:4333): Gtk-WARNING **: Theme parsing error: lightdm-gtk-greeter.css:279:14: not a number

(firefox-esr:4333): Gtk-WARNING **: Theme parsing error: lightdm-gtk-greeter.css:279:14: Expected a string.
1534318949828	Marionette	INFO	Listening on port 2828

(/usr/lib/firefox-esr/plugin-container:4397): Gtk-WARNING **: Theme parsing error: gtk-widgets.css:186:14: not a number

(/usr/lib/firefox-esr/plugin-container:4397): Gtk-WARNING **: Theme parsing error: gtk-widgets.css:186:14: Expected a string.

(/usr/lib/firefox-esr/plugin-container:4397): Gtk-WARNING **: Theme parsing error: gtk-widgets.css:2749:24: not a number

(/usr/lib/firefox-esr/plugin-container:4397): Gtk-WARNING **: Theme parsing error: gtk-widgets.css:2749:24: Expected a string.

(/usr/lib/firefox-esr/plugin-container:4397): Gtk-WARNING **: Theme parsing error: gtk-widgets.css:2940:14: not a number

(/usr/lib/firefox-esr/plugin-container:4397): Gtk-WARNING **: Theme parsing error: gtk-widgets.css:2940:14: Expected a string.

(/usr/lib/firefox-esr/plugin-container:4397): Gtk-WARNING **: Theme parsing error: gtk-widgets.css:2946:17: Expected a string.

(/usr/lib/firefox-esr/plugin-container:4397): Gtk-WARNING **: Theme parsing error: gtk-widgets.css:4083:14: not a number

(/usr/lib/firefox-esr/plugin-container:4397): Gtk-WARNING **: Theme parsing error: gtk-widgets.css:4083:14: Expected a string.

(/usr/lib/firefox-esr/plugin-container:4397): Gtk-WARNING **: Theme parsing error: gtk-widgets.css:4088:17: Expected a string.

(/usr/lib/firefox-esr/plugin-container:4397): Gtk-WARNING **: Theme parsing error: gtk-widgets.css:4729:14: not a number

(/usr/lib/firefox-esr/plugin-container:4397): Gtk-WARNING **: Theme parsing error: gtk-widgets.css:4729:14: Expected a string.

(/usr/lib/firefox-esr/plugin-container:4397): Gtk-WARNING **: Theme parsing error: xfce.css:47:16: not a number

(/usr/lib/firefox-esr/plugin-container:4397): Gtk-WARNING **: Theme parsing error: xfce.css:47:16: Expected a string.

(/usr/lib/firefox-esr/plugin-container:4397): Gtk-WARNING **: Theme parsing error: lightdm-gtk-greeter.css:16:14: not a number

(/usr/lib/firefox-esr/plugin-container:4397): Gtk-WARNING **: Theme parsing error: lightdm-gtk-greeter.css:16:14: Expected a string.

(/usr/lib/firefox-esr/plugin-container:4397): Gtk-WARNING **: Theme parsing error: lightdm-gtk-greeter.css:26:14: not a number

(/usr/lib/firefox-esr/plugin-container:4397): Gtk-WARNING **: Theme parsing error: lightdm-gtk-greeter.css:26:14: Expected a string.

(/usr/lib/firefox-esr/plugin-container:4397): Gtk-WARNING **: Theme parsing error: lightdm-gtk-greeter.css:40:16: not a number

(/usr/lib/firefox-esr/plugin-container:4397): Gtk-WARNING **: Theme parsing error: lightdm-gtk-greeter.css:40:16: Expected a string.

(/usr/lib/firefox-esr/plugin-container:4397): Gtk-WARNING **: Theme parsing error: lightdm-gtk-greeter.css:96:14: Expected a string.

(/usr/lib/firefox-esr/plugin-container:4397): Gtk-WARNING **: Theme parsing error: lightdm-gtk-greeter.css:100:16: not a number

(/usr/lib/firefox-esr/plugin-container:4397): Gtk-WARNING **: Theme parsing error: lightdm-gtk-greeter.css:100:16: Expected a string.

(/usr/lib/firefox-esr/plugin-container:4397): Gtk-WARNING **: Theme parsing error: lightdm-gtk-greeter.css:279:14: not a number

(/usr/lib/firefox-esr/plugin-container:4397): Gtk-WARNING **: Theme parsing error: lightdm-gtk-greeter.css:279:14: Expected a string.
1534319037438	geckodriver	INFO	geckodriver 0.21.0
1534319037441	geckodriver	INFO	Listening on 127.0.0.1:54007
1534319038461	mozrunner::runner	INFO	Running command: "/usr/bin/firefox" "-marionette" "-foreground" "-no-remote" "-profile" "/tmp/rust_mozprofile.IpAqE1nMBFTl"

(firefox-esr:4658): Gtk-WARNING **: Theme parsing error: gtk-widgets.css:186:14: not a number

(firefox-esr:4658): Gtk-WARNING **: Theme parsing error: gtk-widgets.css:186:14: Expected a string.

(firefox-esr:4658): Gtk-WARNING **: Theme parsing error: gtk-widgets.css:2749:24: not a number

(firefox-esr:4658): Gtk-WARNING **: Theme parsing error: gtk-widgets.css:2749:24: Expected a string.

(firefox-esr:4658): Gtk-WARNING **: Theme parsing error: gtk-widgets.css:2940:14: not a number

(firefox-esr:4658): Gtk-WARNING **: Theme parsing error: gtk-widgets.css:2940:14: Expected a string.

(firefox-esr:4658): Gtk-WARNING **: Theme parsing error: gtk-widgets.css:2946:17: Expected a string.

(firefox-esr:4658): Gtk-WARNING **: Theme parsing error: gtk-widgets.css:4083:14: not a number

(firefox-esr:4658): Gtk-WARNING **: Theme parsing error: gtk-widgets.css:4083:14: Expected a string.

(firefox-esr:4658): Gtk-WARNING **: Theme parsing error: gtk-widgets.css:4088:17: Expected a string.

(firefox-esr:4658): Gtk-WARNING **: Theme parsing error: gtk-widgets.css:4729:14: not a number

(firefox-esr:4658): Gtk-WARNING **: Theme parsing error: gtk-widgets.css:4729:14: Expected a string.

(firefox-esr:4658): Gtk-WARNING **: Theme parsing error: xfce.css:47:16: not a number

(firefox-esr:4658): Gtk-WARNING **: Theme parsing error: xfce.css:47:16: Expected a string.

(firefox-esr:4658): Gtk-WARNING **: Theme parsing error: lightdm-gtk-greeter.css:16:14: not a number

(firefox-esr:4658): Gtk-WARNING **: Theme parsing error: lightdm-gtk-greeter.css:16:14: Expected a string.

(firefox-esr:4658): Gtk-WARNING **: Theme parsing error: lightdm-gtk-greeter.css:26:14: not a number

(firefox-esr:4658): Gtk-WARNING **: Theme parsing error: lightdm-gtk-greeter.css:26:14: Expected a string.

(firefox-esr:4658): Gtk-WARNING **: Theme parsing error: lightdm-gtk-greeter.css:40:16: not a number

(firefox-esr:4658): Gtk-WARNING **: Theme parsing error: lightdm-gtk-greeter.css:40:16: Expected a string.

(firefox-esr:4658): Gtk-WARNING **: Theme parsing error: lightdm-gtk-greeter.css:96:14: Expected a string.

(firefox-esr:4658): Gtk-WARNING **: Theme parsing error: lightdm-gtk-greeter.css:100:16: not a number

(firefox-esr:4658): Gtk-WARNING **: Theme parsing error: lightdm-gtk-greeter.css:100:16: Expected a string.

(firefox-esr:4658): Gtk-WARNING **: Theme parsing error: lightdm-gtk-greeter.css:279:14: not a number

(firefox-esr:4658): Gtk-WARNING **: Theme parsing error: lightdm-gtk-greeter.css:279:14: Expected a string.
1534319040506	Marionette	ERROR	Error on starting server: [Exception... "Component returned failure code: 0x804b0036 (NS_ERROR_SOCKET_ADDRESS_IN_USE) [nsIServerSocket.initSpecialConnection]"  nsresult: "0x804b0036 (NS_ERROR_SOCKET_ADDRESS_IN_USE)"  location: "JS frame :: chrome://marionette/content/server.js :: MarionetteServer.prototype.start :: line 95"  data: no]
[Exception... "Component returned failure code: 0x804b0036 (NS_ERROR_SOCKET_ADDRESS_IN_USE) [nsIServerSocket.initSpecialConnection]"  nsresult: "0x804b0036 (NS_ERROR_SOCKET_ADDRESS_IN_USE)"  location: "JS frame :: chrome://marionette/content/server.js :: MarionetteServer.prototype.start :: line 95"  data: no]
MarionetteServer.prototype.start@chrome://marionette/content/server.js:95:19
MarionetteComponent.prototype.init@resource://gre/components/marionette.js:217:5
MarionetteComponent.prototype.handle@resource://gre/components/marionette.js:112:5


(/usr/lib/firefox-esr/plugin-container:4722): Gtk-WARNING **: Theme parsing error: gtk-widgets.css:186:14: not a number

(/usr/lib/firefox-esr/plugin-container:4722): Gtk-WARNING **: Theme parsing error: gtk-widgets.css:186:14: Expected a string.

(/usr/lib/firefox-esr/plugin-container:4722): Gtk-WARNING **: Theme parsing error: gtk-widgets.css:2749:24: not a number

(/usr/lib/firefox-esr/plugin-container:4722): Gtk-WARNING **: Theme parsing error: gtk-widgets.css:2749:24: Expected a string.

(/usr/lib/firefox-esr/plugin-container:4722): Gtk-WARNING **: Theme parsing error: gtk-widgets.css:2940:14: not a number

(/usr/lib/firefox-esr/plugin-container:4722): Gtk-WARNING **: Theme parsing error: gtk-widgets.css:2940:14: Expected a string.

(/usr/lib/firefox-esr/plugin-container:4722): Gtk-WARNING **: Theme parsing error: gtk-widgets.css:2946:17: Expected a string.

(/usr/lib/firefox-esr/plugin-container:4722): Gtk-WARNING **: Theme parsing error: gtk-widgets.css:4083:14: not a number

(/usr/lib/firefox-esr/plugin-container:4722): Gtk-WARNING **: Theme parsing error: gtk-widgets.css:4083:14: Expected a string.

(/usr/lib/firefox-esr/plugin-container:4722): Gtk-WARNING **: Theme parsing error: gtk-widgets.css:4088:17: Expected a string.

(/usr/lib/firefox-esr/plugin-container:4722): Gtk-WARNING **: Theme parsing error: gtk-widgets.css:4729:14: not a number

(/usr/lib/firefox-esr/plugin-container:4722): Gtk-WARNING **: Theme parsing error: gtk-widgets.css:4729:14: Expected a string.

(/usr/lib/firefox-esr/plugin-container:4722): Gtk-WARNING **: Theme parsing error: xfce.css:47:16: not a number

(/usr/lib/firefox-esr/plugin-container:4722): Gtk-WARNING **: Theme parsing error: xfce.css:47:16: Expected a string.

(/usr/lib/firefox-esr/plugin-container:4722): Gtk-WARNING **: Theme parsing error: lightdm-gtk-greeter.css:16:14: not a number

(/usr/lib/firefox-esr/plugin-container:4722): Gtk-WARNING **: Theme parsing error: lightdm-gtk-greeter.css:16:14: Expected a string.

(/usr/lib/firefox-esr/plugin-container:4722): Gtk-WARNING **: Theme parsing error: lightdm-gtk-greeter.css:26:14: not a number

(/usr/lib/firefox-esr/plugin-container:4722): Gtk-WARNING **: Theme parsing error: lightdm-gtk-greeter.css:26:14: Expected a string.

(/usr/lib/firefox-esr/plugin-container:4722): Gtk-WARNING **: Theme parsing error: lightdm-gtk-greeter.css:40:16: not a number

(/usr/lib/firefox-esr/plugin-container:4722): Gtk-WARNING **: Theme parsing error: lightdm-gtk-greeter.css:40:16: Expected a string.

(/usr/lib/firefox-esr/plugin-container:4722): Gtk-WARNING **: Theme parsing error: lightdm-gtk-greeter.css:96:14: Expected a string.

(/usr/lib/firefox-esr/plugin-container:4722): Gtk-WARNING **: Theme parsing error: lightdm-gtk-greeter.css:100:16: not a number

(/usr/lib/firefox-esr/plugin-container:4722): Gtk-WARNING **: Theme parsing error: lightdm-gtk-greeter.css:100:16: Expected a string.

(/usr/lib/firefox-esr/plugin-container:4722): Gtk-WARNING **: Theme parsing error: lightdm-gtk-greeter.css:279:14: not a number

(/usr/lib/firefox-esr/plugin-container:4722): Gtk-WARNING **: Theme parsing error: lightdm-gtk-greeter.css:279:14: Expected a string.
1534319088286	geckodriver	INFO	geckodriver 0.21.0
1534319088290	geckodriver	INFO	Listening on 127.0.0.1:57437
1534319089308	mozrunner::runner	INFO	Running command: "/usr/bin/firefox" "-marionette" "-foreground" "-no-remote" "-profile" "/tmp/rust_mozprofile.vmbUeerE1ppA"

(firefox-esr:4899): Gtk-WARNING **: Theme parsing error: gtk-widgets.css:186:14: not a number

(firefox-esr:4899): Gtk-WARNING **: Theme parsing error: gtk-widgets.css:186:14: Expected a string.

(firefox-esr:4899): Gtk-WARNING **: Theme parsing error: gtk-widgets.css:2749:24: not a number

(firefox-esr:4899): Gtk-WARNING **: Theme parsing error: gtk-widgets.css:2749:24: Expected a string.

(firefox-esr:4899): Gtk-WARNING **: Theme parsing error: gtk-widgets.css:2940:14: not a number

(firefox-esr:4899): Gtk-WARNING **: Theme parsing error: gtk-widgets.css:2940:14: Expected a string.

(firefox-esr:4899): Gtk-WARNING **: Theme parsing error: gtk-widgets.css:2946:17: Expected a string.

(firefox-esr:4899): Gtk-WARNING **: Theme parsing error: gtk-widgets.css:4083:14: not a number

(firefox-esr:4899): Gtk-WARNING **: Theme parsing error: gtk-widgets.css:4083:14: Expected a string.

(firefox-esr:4899): Gtk-WARNING **: Theme parsing error: gtk-widgets.css:4088:17: Expected a string.

(firefox-esr:4899): Gtk-WARNING **: Theme parsing error: gtk-widgets.css:4729:14: not a number

(firefox-esr:4899): Gtk-WARNING **: Theme parsing error: gtk-widgets.css:4729:14: Expected a string.

(firefox-esr:4899): Gtk-WARNING **: Theme parsing error: xfce.css:47:16: not a number

(firefox-esr:4899): Gtk-WARNING **: Theme parsing error: xfce.css:47:16: Expected a string.

(firefox-esr:4899): Gtk-WARNING **: Theme parsing error: lightdm-gtk-greeter.css:16:14: not a number

(firefox-esr:4899): Gtk-WARNING **: Theme parsing error: lightdm-gtk-greeter.css:16:14: Expected a string.

(firefox-esr:4899): Gtk-WARNING **: Theme parsing error: lightdm-gtk-greeter.css:26:14: not a number

(firefox-esr:4899): Gtk-WARNING **: Theme parsing error: lightdm-gtk-greeter.css:26:14: Expected a string.

(firefox-esr:4899): Gtk-WARNING **: Theme parsing error: lightdm-gtk-greeter.css:40:16: not a number

(firefox-esr:4899): Gtk-WARNING **: Theme parsing error: lightdm-gtk-greeter.css:40:16: Expected a string.

(firefox-esr:4899): Gtk-WARNING **: Theme parsing error: lightdm-gtk-greeter.css:96:14: Expected a string.

(firefox-esr:4899): Gtk-WARNING **: Theme parsing error: lightdm-gtk-greeter.css:100:16: not a number

(firefox-esr:4899): Gtk-WARNING **: Theme parsing error: lightdm-gtk-greeter.css:100:16: Expected a string.

(firefox-esr:4899): Gtk-WARNING **: Theme parsing error: lightdm-gtk-greeter.css:279:14: not a number

(firefox-esr:4899): Gtk-WARNING **: Theme parsing error: lightdm-gtk-greeter.css:279:14: Expected a string.
1534319091236	Marionette	INFO	Listening on port 2828

(/usr/lib/firefox-esr/plugin-container:4963): Gtk-WARNING **: Theme parsing error: gtk-widgets.css:186:14: not a number

(/usr/lib/firefox-esr/plugin-container:4963): Gtk-WARNING **: Theme parsing error: gtk-widgets.css:186:14: Expected a string.

(/usr/lib/firefox-esr/plugin-container:4963): Gtk-WARNING **: Theme parsing error: gtk-widgets.css:2749:24: not a number

(/usr/lib/firefox-esr/plugin-container:4963): Gtk-WARNING **: Theme parsing error: gtk-widgets.css:2749:24: Expected a string.

(/usr/lib/firefox-esr/plugin-container:4963): Gtk-WARNING **: Theme parsing error: gtk-widgets.css:2940:14: not a number

(/usr/lib/firefox-esr/plugin-container:4963): Gtk-WARNING **: Theme parsing error: gtk-widgets.css:2940:14: Expected a string.

(/usr/lib/firefox-esr/plugin-container:4963): Gtk-WARNING **: Theme parsing error: gtk-widgets.css:2946:17: Expected a string.

(/usr/lib/firefox-esr/plugin-container:4963): Gtk-WARNING **: Theme parsing error: gtk-widgets.css:4083:14: not a number

(/usr/lib/firefox-esr/plugin-container:4963): Gtk-WARNING **: Theme parsing error: gtk-widgets.css:4083:14: Expected a string.

(/usr/lib/firefox-esr/plugin-container:4963): Gtk-WARNING **: Theme parsing error: gtk-widgets.css:4088:17: Expected a string.

(/usr/lib/firefox-esr/plugin-container:4963): Gtk-WARNING **: Theme parsing error: gtk-widgets.css:4729:14: not a number

(/usr/lib/firefox-esr/plugin-container:4963): Gtk-WARNING **: Theme parsing error: gtk-widgets.css:4729:14: Expected a string.

(/usr/lib/firefox-esr/plugin-container:4963): Gtk-WARNING **: Theme parsing error: xfce.css:47:16: not a number

(/usr/lib/firefox-esr/plugin-container:4963): Gtk-WARNING **: Theme parsing error: xfce.css:47:16: Expected a string.

(/usr/lib/firefox-esr/plugin-container:4963): Gtk-WARNING **: Theme parsing error: lightdm-gtk-greeter.css:16:14: not a number

(/usr/lib/firefox-esr/plugin-container:4963): Gtk-WARNING **: Theme parsing error: lightdm-gtk-greeter.css:16:14: Expected a string.

(/usr/lib/firefox-esr/plugin-container:4963): Gtk-WARNING **: Theme parsing error: lightdm-gtk-greeter.css:26:14: not a number

(/usr/lib/firefox-esr/plugin-container:4963): Gtk-WARNING **: Theme parsing error: lightdm-gtk-greeter.css:26:14: Expected a string.

(/usr/lib/firefox-esr/plugin-container:4963): Gtk-WARNING **: Theme parsing error: lightdm-gtk-greeter.css:40:16: not a number

(/usr/lib/firefox-esr/plugin-container:4963): Gtk-WARNING **: Theme parsing error: lightdm-gtk-greeter.css:40:16: Expected a string.

(/usr/lib/firefox-esr/plugin-container:4963): Gtk-WARNING **: Theme parsing error: lightdm-gtk-greeter.css:96:14: Expected a string.

(/usr/lib/firefox-esr/plugin-container:4963): Gtk-WARNING **: Theme parsing error: lightdm-gtk-greeter.css:100:16: not a number

(/usr/lib/firefox-esr/plugin-container:4963): Gtk-WARNING **: Theme parsing error: lightdm-gtk-greeter.css:100:16: Expected a string.

(/usr/lib/firefox-esr/plugin-container:4963): Gtk-WARNING **: Theme parsing error: lightdm-gtk-greeter.css:279:14: not a number

(/usr/lib/firefox-esr/plugin-container:4963): Gtk-WARNING **: Theme parsing error: lightdm-gtk-greeter.css:279:14: Expected a string.

###!!! [Child][MessageChannel] Error: (msgtype=0x3E0003,name=PCompositable::Msg_Destroy) Channel error: cannot send/recv


###!!! [Child][MessageChannel] Error: (msgtype=0x3E0003,name=PCompositable::Msg_Destroy) Channel error: cannot send/recv

[Child 4963] ###!!! ABORT: Aborting on channel error.: file /build/firefox-esr-52.9.0esr/ipc/glue/MessageChannel.cpp, line 2152
[Child 4963] ###!!! ABORT: Aborting on channel error.: file /build/firefox-esr-52.9.0esr/ipc/glue/MessageChannel.cpp, line 2152
1534319142000	geckodriver	INFO	geckodriver 0.21.0
1534319142004	geckodriver	INFO	Listening on 127.0.0.1:42145
1534319143029	mozrunner::runner	INFO	Running command: "/usr/bin/firefox" "-marionette" "-foreground" "-no-remote" "-profile" "/tmp/rust_mozprofile.2VHvd8LOhhST"

(firefox-esr:5397): Gtk-WARNING **: Theme parsing error: gtk-widgets.css:186:14: not a number

(firefox-esr:5397): Gtk-WARNING **: Theme parsing error: gtk-widgets.css:186:14: Expected a string.

(firefox-esr:5397): Gtk-WARNING **: Theme parsing error: gtk-widgets.css:2749:24: not a number

(firefox-esr:5397): Gtk-WARNING **: Theme parsing error: gtk-widgets.css:2749:24: Expected a string.

(firefox-esr:5397): Gtk-WARNING **: Theme parsing error: gtk-widgets.css:2940:14: not a number

(firefox-esr:5397): Gtk-WARNING **: Theme parsing error: gtk-widgets.css:2940:14: Expected a string.

(firefox-esr:5397): Gtk-WARNING **: Theme parsing error: gtk-widgets.css:2946:17: Expected a string.

(firefox-esr:5397): Gtk-WARNING **: Theme parsing error: gtk-widgets.css:4083:14: not a number

(firefox-esr:5397): Gtk-WARNING **: Theme parsing error: gtk-widgets.css:4083:14: Expected a string.

(firefox-esr:5397): Gtk-WARNING **: Theme parsing error: gtk-widgets.css:4088:17: Expected a string.

(firefox-esr:5397): Gtk-WARNING **: Theme parsing error: gtk-widgets.css:4729:14: not a number

(firefox-esr:5397): Gtk-WARNING **: Theme parsing error: gtk-widgets.css:4729:14: Expected a string.

(firefox-esr:5397): Gtk-WARNING **: Theme parsing error: xfce.css:47:16: not a number

(firefox-esr:5397): Gtk-WARNING **: Theme parsing error: xfce.css:47:16: Expected a string.

(firefox-esr:5397): Gtk-WARNING **: Theme parsing error: lightdm-gtk-greeter.css:16:14: not a number

(firefox-esr:5397): Gtk-WARNING **: Theme parsing error: lightdm-gtk-greeter.css:16:14: Expected a string.

(firefox-esr:5397): Gtk-WARNING **: Theme parsing error: lightdm-gtk-greeter.css:26:14: not a number

(firefox-esr:5397): Gtk-WARNING **: Theme parsing error: lightdm-gtk-greeter.css:26:14: Expected a string.

(firefox-esr:5397): Gtk-WARNING **: Theme parsing error: lightdm-gtk-greeter.css:40:16: not a number

(firefox-esr:5397): Gtk-WARNING **: Theme parsing error: lightdm-gtk-greeter.css:40:16: Expected a string.

(firefox-esr:5397): Gtk-WARNING **: Theme parsing error: lightdm-gtk-greeter.css:96:14: Expected a string.

(firefox-esr:5397): Gtk-WARNING **: Theme parsing error: lightdm-gtk-greeter.css:100:16: not a number

(firefox-esr:5397): Gtk-WARNING **: Theme parsing error: lightdm-gtk-greeter.css:100:16: Expected a string.

(firefox-esr:5397): Gtk-WARNING **: Theme parsing error: lightdm-gtk-greeter.css:279:14: not a number

(firefox-esr:5397): Gtk-WARNING **: Theme parsing error: lightdm-gtk-greeter.css:279:14: Expected a string.
1534319144896	Marionette	INFO	Listening on port 2828

(/usr/lib/firefox-esr/plugin-container:5466): Gtk-WARNING **: Theme parsing error: gtk-widgets.css:186:14: not a number

(/usr/lib/firefox-esr/plugin-container:5466): Gtk-WARNING **: Theme parsing error: gtk-widgets.css:186:14: Expected a string.

(/usr/lib/firefox-esr/plugin-container:5466): Gtk-WARNING **: Theme parsing error: gtk-widgets.css:2749:24: not a number

(/usr/lib/firefox-esr/plugin-container:5466): Gtk-WARNING **: Theme parsing error: gtk-widgets.css:2749:24: Expected a string.

(/usr/lib/firefox-esr/plugin-container:5466): Gtk-WARNING **: Theme parsing error: gtk-widgets.css:2940:14: not a number

(/usr/lib/firefox-esr/plugin-container:5466): Gtk-WARNING **: Theme parsing error: gtk-widgets.css:2940:14: Expected a string.

(/usr/lib/firefox-esr/plugin-container:5466): Gtk-WARNING **: Theme parsing error: gtk-widgets.css:2946:17: Expected a string.

(/usr/lib/firefox-esr/plugin-container:5466): Gtk-WARNING **: Theme parsing error: gtk-widgets.css:4083:14: not a number

(/usr/lib/firefox-esr/plugin-container:5466): Gtk-WARNING **: Theme parsing error: gtk-widgets.css:4083:14: Expected a string.

(/usr/lib/firefox-esr/plugin-container:5466): Gtk-WARNING **: Theme parsing error: gtk-widgets.css:4088:17: Expected a string.

(/usr/lib/firefox-esr/plugin-container:5466): Gtk-WARNING **: Theme parsing error: gtk-widgets.css:4729:14: not a number

(/usr/lib/firefox-esr/plugin-container:5466): Gtk-WARNING **: Theme parsing error: gtk-widgets.css:4729:14: Expected a string.

(/usr/lib/firefox-esr/plugin-container:5466): Gtk-WARNING **: Theme parsing error: xfce.css:47:16: not a number

(/usr/lib/firefox-esr/plugin-container:5466): Gtk-WARNING **: Theme parsing error: xfce.css:47:16: Expected a string.

(/usr/lib/firefox-esr/plugin-container:5466): Gtk-WARNING **: Theme parsing error: lightdm-gtk-greeter.css:16:14: not a number

(/usr/lib/firefox-esr/plugin-container:5466): Gtk-WARNING **: Theme parsing error: lightdm-gtk-greeter.css:16:14: Expected a string.

(/usr/lib/firefox-esr/plugin-container:5466): Gtk-WARNING **: Theme parsing error: lightdm-gtk-greeter.css:26:14: not a number

(/usr/lib/firefox-esr/plugin-container:5466): Gtk-WARNING **: Theme parsing error: lightdm-gtk-greeter.css:26:14: Expected a string.

(/usr/lib/firefox-esr/plugin-container:5466): Gtk-WARNING **: Theme parsing error: lightdm-gtk-greeter.css:40:16: not a number

(/usr/lib/firefox-esr/plugin-container:5466): Gtk-WARNING **: Theme parsing error: lightdm-gtk-greeter.css:40:16: Expected a string.

(/usr/lib/firefox-esr/plugin-container:5466): Gtk-WARNING **: Theme parsing error: lightdm-gtk-greeter.css:96:14: Expected a string.

(/usr/lib/firefox-esr/plugin-container:5466): Gtk-WARNING **: Theme parsing error: lightdm-gtk-greeter.css:100:16: not a number

(/usr/lib/firefox-esr/plugin-container:5466): Gtk-WARNING **: Theme parsing error: lightdm-gtk-greeter.css:100:16: Expected a string.

(/usr/lib/firefox-esr/plugin-container:5466): Gtk-WARNING **: Theme parsing error: lightdm-gtk-greeter.css:279:14: not a number

(/usr/lib/firefox-esr/plugin-container:5466): Gtk-WARNING **: Theme parsing error: lightdm-gtk-greeter.css:279:14: Expected a string.
[Child 5466] ###!!! ABORT: Aborting on channel error.: file /build/firefox-esr-52.9.0esr/ipc/glue/MessageChannel.cpp, line 2152
[Child 5466] ###!!! ABORT: Aborting on channel error.: file /build/firefox-esr-52.9.0esr/ipc/glue/MessageChannel.cpp, line 2152
1534319174015	geckodriver	INFO	geckodriver 0.21.0
1534319174019	geckodriver	INFO	Listening on 127.0.0.1:53557
1534319175039	mozrunner::runner	INFO	Running command: "/usr/bin/firefox" "-marionette" "-foreground" "-no-remote" "-profile" "/tmp/rust_mozprofile.EsPifsl9RRQy"

(firefox-esr:5682): Gtk-WARNING **: Theme parsing error: gtk-widgets.css:186:14: not a number

(firefox-esr:5682): Gtk-WARNING **: Theme parsing error: gtk-widgets.css:186:14: Expected a string.

(firefox-esr:5682): Gtk-WARNING **: Theme parsing error: gtk-widgets.css:2749:24: not a number

(firefox-esr:5682): Gtk-WARNING **: Theme parsing error: gtk-widgets.css:2749:24: Expected a string.

(firefox-esr:5682): Gtk-WARNING **: Theme parsing error: gtk-widgets.css:2940:14: not a number

(firefox-esr:5682): Gtk-WARNING **: Theme parsing error: gtk-widgets.css:2940:14: Expected a string.

(firefox-esr:5682): Gtk-WARNING **: Theme parsing error: gtk-widgets.css:2946:17: Expected a string.

(firefox-esr:5682): Gtk-WARNING **: Theme parsing error: gtk-widgets.css:4083:14: not a number

(firefox-esr:5682): Gtk-WARNING **: Theme parsing error: gtk-widgets.css:4083:14: Expected a string.

(firefox-esr:5682): Gtk-WARNING **: Theme parsing error: gtk-widgets.css:4088:17: Expected a string.

(firefox-esr:5682): Gtk-WARNING **: Theme parsing error: gtk-widgets.css:4729:14: not a number

(firefox-esr:5682): Gtk-WARNING **: Theme parsing error: gtk-widgets.css:4729:14: Expected a string.

(firefox-esr:5682): Gtk-WARNING **: Theme parsing error: xfce.css:47:16: not a number

(firefox-esr:5682): Gtk-WARNING **: Theme parsing error: xfce.css:47:16: Expected a string.

(firefox-esr:5682): Gtk-WARNING **: Theme parsing error: lightdm-gtk-greeter.css:16:14: not a number

(firefox-esr:5682): Gtk-WARNING **: Theme parsing error: lightdm-gtk-greeter.css:16:14: Expected a string.

(firefox-esr:5682): Gtk-WARNING **: Theme parsing error: lightdm-gtk-greeter.css:26:14: not a number

(firefox-esr:5682): Gtk-WARNING **: Theme parsing error: lightdm-gtk-greeter.css:26:14: Expected a string.

(firefox-esr:5682): Gtk-WARNING **: Theme parsing error: lightdm-gtk-greeter.css:40:16: not a number

(firefox-esr:5682): Gtk-WARNING **: Theme parsing error: lightdm-gtk-greeter.css:40:16: Expected a string.

(firefox-esr:5682): Gtk-WARNING **: Theme parsing error: lightdm-gtk-greeter.css:96:14: Expected a string.

(firefox-esr:5682): Gtk-WARNING **: Theme parsing error: lightdm-gtk-greeter.css:100:16: not a number

(firefox-esr:5682): Gtk-WARNING **: Theme parsing error: lightdm-gtk-greeter.css:100:16: Expected a string.

(firefox-esr:5682): Gtk-WARNING **: Theme parsing error: lightdm-gtk-greeter.css:279:14: not a number

(firefox-esr:5682): Gtk-WARNING **: Theme parsing error: lightdm-gtk-greeter.css:279:14: Expected a string.
1534319176938	Marionette	INFO	Listening on port 2828

(/usr/lib/firefox-esr/plugin-container:5745): Gtk-WARNING **: Theme parsing error: gtk-widgets.css:186:14: not a number

(/usr/lib/firefox-esr/plugin-container:5745): Gtk-WARNING **: Theme parsing error: gtk-widgets.css:186:14: Expected a string.

(/usr/lib/firefox-esr/plugin-container:5745): Gtk-WARNING **: Theme parsing error: gtk-widgets.css:2749:24: not a number

(/usr/lib/firefox-esr/plugin-container:5745): Gtk-WARNING **: Theme parsing error: gtk-widgets.css:2749:24: Expected a string.

(/usr/lib/firefox-esr/plugin-container:5745): Gtk-WARNING **: Theme parsing error: gtk-widgets.css:2940:14: not a number

(/usr/lib/firefox-esr/plugin-container:5745): Gtk-WARNING **: Theme parsing error: gtk-widgets.css:2940:14: Expected a string.

(/usr/lib/firefox-esr/plugin-container:5745): Gtk-WARNING **: Theme parsing error: gtk-widgets.css:2946:17: Expected a string.

(/usr/lib/firefox-esr/plugin-container:5745): Gtk-WARNING **: Theme parsing error: gtk-widgets.css:4083:14: not a number

(/usr/lib/firefox-esr/plugin-container:5745): Gtk-WARNING **: Theme parsing error: gtk-widgets.css:4083:14: Expected a string.

(/usr/lib/firefox-esr/plugin-container:5745): Gtk-WARNING **: Theme parsing error: gtk-widgets.css:4088:17: Expected a string.

(/usr/lib/firefox-esr/plugin-container:5745): Gtk-WARNING **: Theme parsing error: gtk-widgets.css:4729:14: not a number

(/usr/lib/firefox-esr/plugin-container:5745): Gtk-WARNING **: Theme parsing error: gtk-widgets.css:4729:14: Expected a string.

(/usr/lib/firefox-esr/plugin-container:5745): Gtk-WARNING **: Theme parsing error: xfce.css:47:16: not a number

(/usr/lib/firefox-esr/plugin-container:5745): Gtk-WARNING **: Theme parsing error: xfce.css:47:16: Expected a string.

(/usr/lib/firefox-esr/plugin-container:5745): Gtk-WARNING **: Theme parsing error: lightdm-gtk-greeter.css:16:14: not a number

(/usr/lib/firefox-esr/plugin-container:5745): Gtk-WARNING **: Theme parsing error: lightdm-gtk-greeter.css:16:14: Expected a string.

(/usr/lib/firefox-esr/plugin-container:5745): Gtk-WARNING **: Theme parsing error: lightdm-gtk-greeter.css:26:14: not a number

(/usr/lib/firefox-esr/plugin-container:5745): Gtk-WARNING **: Theme parsing error: lightdm-gtk-greeter.css:26:14: Expected a string.

(/usr/lib/firefox-esr/plugin-container:5745): Gtk-WARNING **: Theme parsing error: lightdm-gtk-greeter.css:40:16: not a number

(/usr/lib/firefox-esr/plugin-container:5745): Gtk-WARNING **: Theme parsing error: lightdm-gtk-greeter.css:40:16: Expected a string.

(/usr/lib/firefox-esr/plugin-container:5745): Gtk-WARNING **: Theme parsing error: lightdm-gtk-greeter.css:96:14: Expected a string.

(/usr/lib/firefox-esr/plugin-container:5745): Gtk-WARNING **: Theme parsing error: lightdm-gtk-greeter.css:100:16: not a number

(/usr/lib/firefox-esr/plugin-container:5745): Gtk-WARNING **: Theme parsing error: lightdm-gtk-greeter.css:100:16: Expected a string.

(/usr/lib/firefox-esr/plugin-container:5745): Gtk-WARNING **: Theme parsing error: lightdm-gtk-greeter.css:279:14: not a number

(/usr/lib/firefox-esr/plugin-container:5745): Gtk-WARNING **: Theme parsing error: lightdm-gtk-greeter.css:279:14: Expected a string.
1534319465242	geckodriver	INFO	geckodriver 0.21.0
1534319465246	geckodriver	INFO	Listening on 127.0.0.1:48717
1534319466267	mozrunner::runner	INFO	Running command: "/usr/bin/firefox" "-marionette" "-foreground" "-no-remote" "-profile" "/tmp/rust_mozprofile.Rs5aHN0Q5HbK"

(firefox-esr:6978): Gtk-WARNING **: Theme parsing error: gtk-widgets.css:186:14: not a number

(firefox-esr:6978): Gtk-WARNING **: Theme parsing error: gtk-widgets.css:186:14: Expected a string.

(firefox-esr:6978): Gtk-WARNING **: Theme parsing error: gtk-widgets.css:2749:24: not a number

(firefox-esr:6978): Gtk-WARNING **: Theme parsing error: gtk-widgets.css:2749:24: Expected a string.

(firefox-esr:6978): Gtk-WARNING **: Theme parsing error: gtk-widgets.css:2940:14: not a number

(firefox-esr:6978): Gtk-WARNING **: Theme parsing error: gtk-widgets.css:2940:14: Expected a string.

(firefox-esr:6978): Gtk-WARNING **: Theme parsing error: gtk-widgets.css:2946:17: Expected a string.

(firefox-esr:6978): Gtk-WARNING **: Theme parsing error: gtk-widgets.css:4083:14: not a number

(firefox-esr:6978): Gtk-WARNING **: Theme parsing error: gtk-widgets.css:4083:14: Expected a string.

(firefox-esr:6978): Gtk-WARNING **: Theme parsing error: gtk-widgets.css:4088:17: Expected a string.

(firefox-esr:6978): Gtk-WARNING **: Theme parsing error: gtk-widgets.css:4729:14: not a number

(firefox-esr:6978): Gtk-WARNING **: Theme parsing error: gtk-widgets.css:4729:14: Expected a string.

(firefox-esr:6978): Gtk-WARNING **: Theme parsing error: xfce.css:47:16: not a number

(firefox-esr:6978): Gtk-WARNING **: Theme parsing error: xfce.css:47:16: Expected a string.

(firefox-esr:6978): Gtk-WARNING **: Theme parsing error: lightdm-gtk-greeter.css:16:14: not a number

(firefox-esr:6978): Gtk-WARNING **: Theme parsing error: lightdm-gtk-greeter.css:16:14: Expected a string.

(firefox-esr:6978): Gtk-WARNING **: Theme parsing error: lightdm-gtk-greeter.css:26:14: not a number

(firefox-esr:6978): Gtk-WARNING **: Theme parsing error: lightdm-gtk-greeter.css:26:14: Expected a string.

(firefox-esr:6978): Gtk-WARNING **: Theme parsing error: lightdm-gtk-greeter.css:40:16: not a number

(firefox-esr:6978): Gtk-WARNING **: Theme parsing error: lightdm-gtk-greeter.css:40:16: Expected a string.

(firefox-esr:6978): Gtk-WARNING **: Theme parsing error: lightdm-gtk-greeter.css:96:14: Expected a string.

(firefox-esr:6978): Gtk-WARNING **: Theme parsing error: lightdm-gtk-greeter.css:100:16: not a number

(firefox-esr:6978): Gtk-WARNING **: Theme parsing error: lightdm-gtk-greeter.css:100:16: Expected a string.

(firefox-esr:6978): Gtk-WARNING **: Theme parsing error: lightdm-gtk-greeter.css:279:14: not a number

(firefox-esr:6978): Gtk-WARNING **: Theme parsing error: lightdm-gtk-greeter.css:279:14: Expected a string.
1534319468268	Marionette	INFO	Listening on port 2828

(/usr/lib/firefox-esr/plugin-container:7047): Gtk-WARNING **: Theme parsing error: gtk-widgets.css:186:14: not a number

(/usr/lib/firefox-esr/plugin-container:7047): Gtk-WARNING **: Theme parsing error: gtk-widgets.css:186:14: Expected a string.

(/usr/lib/firefox-esr/plugin-container:7047): Gtk-WARNING **: Theme parsing error: gtk-widgets.css:2749:24: not a number

(/usr/lib/firefox-esr/plugin-container:7047): Gtk-WARNING **: Theme parsing error: gtk-widgets.css:2749:24: Expected a string.

(/usr/lib/firefox-esr/plugin-container:7047): Gtk-WARNING **: Theme parsing error: gtk-widgets.css:2940:14: not a number

(/usr/lib/firefox-esr/plugin-container:7047): Gtk-WARNING **: Theme parsing error: gtk-widgets.css:2940:14: Expected a string.

(/usr/lib/firefox-esr/plugin-container:7047): Gtk-WARNING **: Theme parsing error: gtk-widgets.css:2946:17: Expected a string.

(/usr/lib/firefox-esr/plugin-container:7047): Gtk-WARNING **: Theme parsing error: gtk-widgets.css:4083:14: not a number

(/usr/lib/firefox-esr/plugin-container:7047): Gtk-WARNING **: Theme parsing error: gtk-widgets.css:4083:14: Expected a string.

(/usr/lib/firefox-esr/plugin-container:7047): Gtk-WARNING **: Theme parsing error: gtk-widgets.css:4088:17: Expected a string.

(/usr/lib/firefox-esr/plugin-container:7047): Gtk-WARNING **: Theme parsing error: gtk-widgets.css:4729:14: not a number

(/usr/lib/firefox-esr/plugin-container:7047): Gtk-WARNING **: Theme parsing error: gtk-widgets.css:4729:14: Expected a string.

(/usr/lib/firefox-esr/plugin-container:7047): Gtk-WARNING **: Theme parsing error: xfce.css:47:16: not a number

(/usr/lib/firefox-esr/plugin-container:7047): Gtk-WARNING **: Theme parsing error: xfce.css:47:16: Expected a string.

(/usr/lib/firefox-esr/plugin-container:7047): Gtk-WARNING **: Theme parsing error: lightdm-gtk-greeter.css:16:14: not a number

(/usr/lib/firefox-esr/plugin-container:7047): Gtk-WARNING **: Theme parsing error: lightdm-gtk-greeter.css:16:14: Expected a string.

(/usr/lib/firefox-esr/plugin-container:7047): Gtk-WARNING **: Theme parsing error: lightdm-gtk-greeter.css:26:14: not a number

(/usr/lib/firefox-esr/plugin-container:7047): Gtk-WARNING **: Theme parsing error: lightdm-gtk-greeter.css:26:14: Expected a string.

(/usr/lib/firefox-esr/plugin-container:7047): Gtk-WARNING **: Theme parsing error: lightdm-gtk-greeter.css:40:16: not a number

(/usr/lib/firefox-esr/plugin-container:7047): Gtk-WARNING **: Theme parsing error: lightdm-gtk-greeter.css:40:16: Expected a string.

(/usr/lib/firefox-esr/plugin-container:7047): Gtk-WARNING **: Theme parsing error: lightdm-gtk-greeter.css:96:14: Expected a string.

(/usr/lib/firefox-esr/plugin-container:7047): Gtk-WARNING **: Theme parsing error: lightdm-gtk-greeter.css:100:16: not a number

(/usr/lib/firefox-esr/plugin-container:7047): Gtk-WARNING **: Theme parsing error: lightdm-gtk-greeter.css:100:16: Expected a string.

(/usr/lib/firefox-esr/plugin-container:7047): Gtk-WARNING **: Theme parsing error: lightdm-gtk-greeter.css:279:14: not a number

(/usr/lib/firefox-esr/plugin-container:7047): Gtk-WARNING **: Theme parsing error: lightdm-gtk-greeter.css:279:14: Expected a string.
